2025-09-01 13:21:11,564 [INFO] CLIApp: Base directories for processing: C:\Users\sieglinde.hoedl\AI_Mars3D\src_uptodate\data
2025-09-01 13:21:11,564 [INFO] CLIApp: Folder IDs for processing: ['0342-0349']
2025-09-01 13:21:11,564 [INFO] CLIApp: Reference filename for processing: ref.ply
2025-09-01 13:21:11,564 [INFO] CLIApp: Moving filename for processing: mov.ply
2025-09-01 13:21:57,558 [INFO] CLIApp: Base directories for processing: C:\Users\sieglinde.hoedl\AI_Mars3D\src_uptodate\data
2025-09-01 13:21:57,558 [INFO] CLIApp: Folder IDs for processing: ['0342-0349']
2025-09-01 13:21:57,558 [INFO] CLIApp: Reference filename for processing: ref.ply
2025-09-01 13:21:57,558 [INFO] CLIApp: Moving filename for processing: mov.ply
2025-09-01 13:22:35,388 [INFO] CLIApp: Base directories for processing: C:\Users\sieglinde.hoedl\AI_Mars3D\src_uptodate\data
2025-09-01 13:22:35,388 [INFO] CLIApp: Folder IDs for processing: ['0342-0349']
2025-09-01 13:22:35,388 [INFO] CLIApp: Reference filename for processing: ref.ply
2025-09-01 13:22:35,388 [INFO] CLIApp: Moving filename for processing: mov.ply
2025-09-01 13:23:25,794 [INFO] CLIApp: Base directories for processing: C:\Users\sieglinde.hoedl\AI_Mars3D\src_uptodate\data
2025-09-01 13:23:25,794 [INFO] CLIApp: Folder IDs for processing: ['0342-0349']
2025-09-01 13:23:25,794 [INFO] CLIApp: Reference filename for processing: ref.ply
2025-09-01 13:23:25,794 [INFO] CLIApp: Moving filename for processing: mov.ply
2025-09-01 13:23:45,166 [INFO] CLIApp: Base directories for processing: C:\Users\sieglinde.hoedl\AI_Mars3D\src_uptodate\data
2025-09-01 13:23:45,166 [INFO] CLIApp: Folder IDs for processing: ['0342-0349']
2025-09-01 13:23:45,166 [INFO] CLIApp: Reference filename for processing: ref.ply
2025-09-01 13:23:45,166 [INFO] CLIApp: Moving filename for processing: mov.ply
2025-09-01 13:23:56,608 [INFO] CLIApp: Base directories for processing: C:\Users\sieglinde.hoedl\AI_Mars3D\src_uptodate\data
2025-09-01 13:23:56,608 [INFO] CLIApp: Folder IDs for processing: ['0342-0349']
2025-09-01 13:23:56,608 [INFO] CLIApp: Reference filename for processing: ref.ply
2025-09-01 13:23:56,608 [INFO] CLIApp: Moving filename for processing: mov.ply
2025-09-01 13:23:56,624 [INFO] m3c2.pipeline.batch_orchestrator: === BatchOrchestrator initialisiert ===
2025-09-01 13:23:56,624 [INFO] m3c2.pipeline.batch_orchestrator: Konfigurationen: 1 Jobs
2025-09-01 13:23:56,624 [ERROR] CLIApp: Error occurred while running orchestrator: 'BatchOrchestrator' object has no attribute 'run'
2025-09-01 13:28:33,684 [INFO] CLIApp: Base directories for processing: C:\Users\sieglinde.hoedl\AI_Mars3D\src_uptodate\data
2025-09-01 13:28:33,684 [INFO] CLIApp: Folder IDs for processing: ['0342-0349']
2025-09-01 13:28:33,684 [INFO] CLIApp: Reference filename for processing: ref.ply
2025-09-01 13:28:33,684 [INFO] CLIApp: Moving filename for processing: mov.ply
2025-09-01 13:28:33,684 [INFO] m3c2.pipeline.batch_orchestrator: === BatchOrchestrator initialisiert ===
2025-09-01 13:28:33,684 [INFO] m3c2.pipeline.batch_orchestrator: Konfigurationen: 1 Jobs
2025-09-01 13:28:33,684 [INFO] m3c2.pipeline.batch_orchestrator: 0342-0349, mov.ply, ref.ply, python
2025-09-01 13:28:33,684 [ERROR] m3c2.pipeline.batch_orchestrator: [Job] Fehler in Job '0342-0349' (Version ref.ply)
Traceback (most recent call last):
  File "c:\Users\sieglinde.hoedl\AI_Mars3D\src_uptodate\m3c2\pipeline\batch_orchestrator.py", line 102, in run_all
    self._run_single(cfg)
  File "c:\Users\sieglinde.hoedl\AI_Mars3D\src_uptodate\m3c2\pipeline\batch_orchestrator.py", line 133, in _run_single
    ds, mov, ref, corepoints = self._load_data(cfg)
                               ^^^^^^^^^^^^^^^^^^^^
  File "c:\Users\sieglinde.hoedl\AI_Mars3D\src_uptodate\m3c2\pipeline\batch_orchestrator.py", line 212, in _load_data
    mov, ref, corepoints = ds.load_points()
                           ^^^^^^^^^^^^^^^^
  File "c:\Users\sieglinde.hoedl\AI_Mars3D\src_uptodate\m3c2\io\datasource.py", line 299, in load_points
    m_xyz = self._ensure_xyz(self.mov_base, (m_kind, m_path))
            ^^^^^^^^^^^^^^^^^^^^^^^^^^^^^^^^^^^^^^^^^^^^^^^^^
  File "c:\Users\sieglinde.hoedl\AI_Mars3D\src_uptodate\m3c2\io\datasource.py", line 258, in _ensure_xyz
    raise FileNotFoundError(f"Fehlt: {base}.xyz/.las/.laz/.ply/.obj/.gpc")
FileNotFoundError: Fehlt: 0342-0349\mov.ply.xyz/.las/.laz/.ply/.obj/.gpc
2025-09-01 13:28:33,684 [INFO] CLIApp: Processing completed successfully.
2025-09-01 15:59:20,548 [INFO] CLIApp: Base directories for processing: C:\Users\sieglinde.hoedl\AI_Mars3D\src_uptodate\data
2025-09-01 15:59:20,548 [INFO] CLIApp: Folder IDs for processing: ['0342-0349']
2025-09-01 15:59:20,548 [INFO] CLIApp: Reference filename for processing: ref.ply
2025-09-01 15:59:20,548 [INFO] CLIApp: Moving filename for processing: mov.ply
2025-09-01 15:59:53,585 [INFO] CLIApp: Base directories for processing: C:\Users\sieglinde.hoedl\AI_Mars3D\src_uptodate\data
2025-09-01 15:59:53,585 [INFO] CLIApp: Folder IDs for processing: ['0342-0349']
2025-09-01 15:59:53,586 [INFO] CLIApp: Reference filename for processing: ref.ply
2025-09-01 15:59:53,586 [INFO] CLIApp: Moving filename for processing: mov.ply
2025-09-01 16:40:51,886 [INFO] CLIApp: Base directories for processing: C:\Users\sieglinde.hoedl\AI_Mars3D\src_uptodate\data
2025-09-01 16:40:51,886 [INFO] CLIApp: Folder IDs for processing: ['0342-0349']
2025-09-01 16:40:51,886 [INFO] CLIApp: Reference filename for processing: ref.ply
2025-09-01 16:40:51,886 [INFO] CLIApp: Moving filename for processing: mov.ply
2025-09-01 16:40:51,886 [INFO] m3c2.pipeline.batch_orchestrator: === BatchOrchestrator initialisiert ===
2025-09-01 16:40:51,886 [INFO] m3c2.pipeline.batch_orchestrator: Konfigurationen: 1 Jobs
2025-09-01 16:40:51,886 [INFO] m3c2.pipeline.batch_orchestrator: 0342-0349, mov.ply, ref.ply, python
2025-09-01 16:40:51,886 [ERROR] m3c2.pipeline.batch_orchestrator: [Job] Fehler in Job '0342-0349' (Version ref.ply)
Traceback (most recent call last):
  File "c:\Users\sieglinde.hoedl\AI_Mars3D\src_uptodate\m3c2\pipeline\batch_orchestrator.py", line 99, in run_all
    self._run_single(cfg)
  File "c:\Users\sieglinde.hoedl\AI_Mars3D\src_uptodate\m3c2\pipeline\batch_orchestrator.py", line 130, in _run_single
    ds, mov, ref, corepoints = self._load_data(cfg)
                               ^^^^^^^^^^^^^^^^^^^^
  File "c:\Users\sieglinde.hoedl\AI_Mars3D\src_uptodate\m3c2\pipeline\batch_orchestrator.py", line 210, in _load_data
    mov, ref, corepoints = DataSource.load_points(ds)
                           ^^^^^^^^^^^^^^^^^^^^^^^^^^
  File "c:\Users\sieglinde.hoedl\AI_Mars3D\src_uptodate\m3c2\io\datasource.py", line 140, in load_points
    mov, ref = self._load_epochs()
               ^^^^^^^^^^^^^^^^^
AttributeError: 'DataSourceConfig' object has no attribute '_load_epochs'
2025-09-01 16:40:51,886 [INFO] CLIApp: Processing completed successfully.
2025-09-01 16:47:46,545 [INFO] CLIApp: Base directories for processing: C:\Users\sieglinde.hoedl\AI_Mars3D\src_uptodate\data
2025-09-01 16:47:46,545 [INFO] CLIApp: Folder IDs for processing: ['0342-0349']
2025-09-01 16:47:46,545 [INFO] CLIApp: Reference filename for processing: ref.ply
2025-09-01 16:47:46,545 [INFO] CLIApp: Moving filename for processing: mov.ply
2025-09-01 16:47:46,545 [INFO] m3c2.pipeline.batch_orchestrator: === BatchOrchestrator initialisiert ===
2025-09-01 16:47:46,545 [INFO] m3c2.pipeline.batch_orchestrator: Konfigurationen: 1 Jobs
2025-09-01 16:47:46,561 [INFO] m3c2.pipeline.batch_orchestrator: 0342-0349, mov.ply, ref.ply, python
2025-09-01 16:47:46,561 [ERROR] m3c2.pipeline.batch_orchestrator: [Job] Fehler in Job '0342-0349' (Version ref.ply)
Traceback (most recent call last):
  File "c:\Users\sieglinde.hoedl\AI_Mars3D\src_uptodate\m3c2\pipeline\batch_orchestrator.py", line 99, in run_all
    self._run_single(cfg)
  File "c:\Users\sieglinde.hoedl\AI_Mars3D\src_uptodate\m3c2\pipeline\batch_orchestrator.py", line 130, in _run_single
    ds, mov, ref, corepoints = self._load_data(cfg)
                               ^^^^^^^^^^^^^^^^^^^^
  File "c:\Users\sieglinde.hoedl\AI_Mars3D\src_uptodate\m3c2\pipeline\batch_orchestrator.py", line 211, in _load_data
    mov, ref, corepoints = ds.load_points()
                           ^^^^^^^^^^^^^^^^
  File "c:\Users\sieglinde.hoedl\AI_Mars3D\src_uptodate\m3c2\io\datasource.py", line 140, in load_points
    mov, ref = self._load_epochs()
               ^^^^^^^^^^^^^^^^^^^
  File "c:\Users\sieglinde.hoedl\AI_Mars3D\src_uptodate\m3c2\io\datasource.py", line 169, in _load_epochs
    m_xyz = self._ensure_xyz(self.mov_base, (m_kind, m_path))
            ^^^^^^^^^^^^^^^^^^^^^^^^^^^^^^^^^^^^^^^^^^^^^^^^^
  File "c:\Users\sieglinde.hoedl\AI_Mars3D\src_uptodate\m3c2\io\datasource.py", line 130, in _ensure_xyz
    raise FileNotFoundError(f"Fehlt: {base}.xyz/.las/.laz/.ply/.obj/.gpc")
FileNotFoundError: Fehlt: 0342-0349\mov.ply.xyz/.las/.laz/.ply/.obj/.gpc
2025-09-01 16:47:46,561 [INFO] CLIApp: Processing completed successfully.
2025-09-01 16:50:41,569 [INFO] CLIApp: Base directories for processing: C:\Users\sieglinde.hoedl\AI_Mars3D\src_uptodate\data
2025-09-01 16:50:41,570 [INFO] CLIApp: Folder IDs for processing: ['0342-0349']
2025-09-01 16:50:41,570 [INFO] CLIApp: Reference filename for processing: ref.ply
2025-09-01 16:50:41,571 [INFO] CLIApp: Moving filename for processing: mov.ply
2025-09-01 16:50:41,571 [INFO] m3c2.pipeline.batch_orchestrator: === BatchOrchestrator initialisiert ===
2025-09-01 16:50:41,571 [INFO] m3c2.pipeline.batch_orchestrator: Konfigurationen: 1 Jobs
2025-09-01 16:50:41,571 [INFO] m3c2.pipeline.batch_orchestrator: 0342-0349, mov.ply, ref.ply, python
2025-09-01 16:50:41,573 [ERROR] m3c2.pipeline.batch_orchestrator: [Job] Fehler in Job '0342-0349' (Version ref.ply)
Traceback (most recent call last):
  File "c:\Users\sieglinde.hoedl\AI_Mars3D\src_uptodate\m3c2\pipeline\batch_orchestrator.py", line 99, in run_all
    self._run_single(cfg)
  File "c:\Users\sieglinde.hoedl\AI_Mars3D\src_uptodate\m3c2\pipeline\batch_orchestrator.py", line 130, in _run_single
    ds, mov, ref, corepoints = self._load_data(cfg)
                               ^^^^^^^^^^^^^^^^^^^^
  File "c:\Users\sieglinde.hoedl\AI_Mars3D\src_uptodate\m3c2\pipeline\batch_orchestrator.py", line 211, in _load_data
    mov, ref, corepoints = ds.load_points()
                           ^^^^^^^^^^^^^^^^
  File "c:\Users\sieglinde.hoedl\AI_Mars3D\src_uptodate\m3c2\io\datasource.py", line 140, in load_points
    mov, ref = self._load_epochs()
               ^^^^^^^^^^^^^^^^^^^
  File "c:\Users\sieglinde.hoedl\AI_Mars3D\src_uptodate\m3c2\io\datasource.py", line 169, in _load_epochs
    m_xyz = self._ensure_xyz(self.mov_base, (m_kind, m_path))
            ^^^^^^^^^^^^^^^^^^^^^^^^^^^^^^^^^^^^^^^^^^^^^^^^^
  File "c:\Users\sieglinde.hoedl\AI_Mars3D\src_uptodate\m3c2\io\datasource.py", line 130, in _ensure_xyz
    raise FileNotFoundError(f"Fehlt: {base}.xyz/.las/.laz/.ply/.obj/.gpc")
FileNotFoundError: Fehlt: 0342-0349\mov.ply.xyz/.las/.laz/.ply/.obj/.gpc
2025-09-01 16:50:41,577 [INFO] CLIApp: Processing completed successfully.
2025-09-01 16:53:13,888 [INFO] CLIApp: Base directories for processing: C:\Users\sieglinde.hoedl\AI_Mars3D\src_uptodate\data
2025-09-01 16:53:15,052 [INFO] CLIApp: Folder IDs for processing: ['0342-0349']
2025-09-01 16:53:15,620 [INFO] CLIApp: Reference filename for processing: ref.ply
2025-09-01 16:53:15,921 [INFO] CLIApp: Moving filename for processing: mov.ply
2025-09-01 16:54:27,231 [INFO] m3c2.pipeline.batch_orchestrator: === BatchOrchestrator initialisiert ===
2025-09-01 16:54:27,591 [INFO] m3c2.pipeline.batch_orchestrator: Konfigurationen: 1 Jobs
2025-09-01 16:54:41,734 [INFO] m3c2.pipeline.batch_orchestrator: 0342-0349, mov.ply, ref.ply, python
2025-09-01 16:57:11,254 [ERROR] m3c2.pipeline.batch_orchestrator: [Job] Fehler in Job '0342-0349' (Version ref.ply)
Traceback (most recent call last):
  File "c:\Users\sieglinde.hoedl\AI_Mars3D\src_uptodate\m3c2\pipeline\batch_orchestrator.py", line 99, in run_all
    self._run_single(cfg)
  File "c:\Users\sieglinde.hoedl\AI_Mars3D\src_uptodate\m3c2\pipeline\batch_orchestrator.py", line 130, in _run_single
    ds, mov, ref, corepoints = self._load_data(cfg)
                               ^^^^^^^^^^^^^^^^^^^^
  File "c:\Users\sieglinde.hoedl\AI_Mars3D\src_uptodate\m3c2\pipeline\batch_orchestrator.py", line 211, in _load_data
    mov, ref, corepoints = ds.load_points()
                           ^^^^^^^^^^^^^^^^
  File "c:\Users\sieglinde.hoedl\AI_Mars3D\src_uptodate\m3c2\io\datasource.py", line 140, in load_points
    mov, ref = self._load_epochs()
               ^^^^^^^^^^^^^^^^^^^
  File "c:\Users\sieglinde.hoedl\AI_Mars3D\src_uptodate\m3c2\io\datasource.py", line 169, in _load_epochs
    m_xyz = self._ensure_xyz(self.mov_base, (m_kind, m_path))
            ^^^^^^^^^^^^^^^^^^^^^^^^^^^^^^^^^^^^^^^^^^^^^^^^^
  File "c:\Users\sieglinde.hoedl\AI_Mars3D\src_uptodate\m3c2\io\datasource.py", line 130, in _ensure_xyz
    raise FileNotFoundError(f"Fehlt: {base}.xyz/.las/.laz/.ply/.obj/.gpc")
FileNotFoundError: Fehlt: 0342-0349\mov.ply.xyz/.las/.laz/.ply/.obj/.gpc
2025-09-01 16:58:56,117 [INFO] CLIApp: Base directories for processing: C:\Users\sieglinde.hoedl\AI_Mars3D\src_uptodate\data
2025-09-01 16:58:56,117 [INFO] CLIApp: Folder IDs for processing: ['0342-0349']
2025-09-01 16:58:56,117 [INFO] CLIApp: Reference filename for processing: ref.ply
2025-09-01 16:58:56,117 [INFO] CLIApp: Moving filename for processing: mov.ply
2025-09-01 16:58:56,117 [INFO] m3c2.pipeline.batch_orchestrator: === BatchOrchestrator initialisiert ===
2025-09-01 16:58:56,117 [INFO] m3c2.pipeline.batch_orchestrator: Konfigurationen: 1 Jobs
2025-09-01 16:58:56,117 [INFO] m3c2.pipeline.batch_orchestrator: 0342-0349, mov.ply, ref.ply, python
2025-09-01 16:58:56,117 [ERROR] m3c2.pipeline.batch_orchestrator: [Job] Fehler in Job '0342-0349' (Version ref.ply)
Traceback (most recent call last):
  File "c:\Users\sieglinde.hoedl\AI_Mars3D\src_uptodate\m3c2\pipeline\batch_orchestrator.py", line 99, in run_all
    self._run_single(cfg)
  File "c:\Users\sieglinde.hoedl\AI_Mars3D\src_uptodate\m3c2\pipeline\batch_orchestrator.py", line 130, in _run_single
    ds, mov, ref, corepoints = self._load_data(cfg)
                               ^^^^^^^^^^^^^^^^^^^^
  File "c:\Users\sieglinde.hoedl\AI_Mars3D\src_uptodate\m3c2\pipeline\batch_orchestrator.py", line 211, in _load_data
    mov, ref, corepoints = ds.load_points()
                           ^^^^^^^^^^^^^^^^
  File "c:\Users\sieglinde.hoedl\AI_Mars3D\src_uptodate\m3c2\io\datasource.py", line 140, in load_points
    mov, ref = self._load_epochs()
               ^^^^^^^^^^^^^^^^^^^
  File "c:\Users\sieglinde.hoedl\AI_Mars3D\src_uptodate\m3c2\io\datasource.py", line 169, in _load_epochs
    m_xyz = self._ensure_xyz(self.mov_base, (m_kind, m_path))
            ^^^^^^^^^^^^^^^^^^^^^^^^^^^^^^^^^^^^^^^^^^^^^^^^^
  File "c:\Users\sieglinde.hoedl\AI_Mars3D\src_uptodate\m3c2\io\datasource.py", line 130, in _ensure_xyz
    raise FileNotFoundError(f"Fehlt: {base}.xyz/.las/.laz/.ply/.obj/.gpc")
FileNotFoundError: Fehlt: 0342-0349\mov.ply.xyz/.las/.laz/.ply/.obj/.gpc
2025-09-01 16:58:56,117 [INFO] CLIApp: Processing completed successfully.
2025-09-01 17:00:55,284 [INFO] CLIApp: Base directories for processing: C:\Users\sieglinde.hoedl\AI_Mars3D\src_uptodate\data
2025-09-01 17:00:56,202 [INFO] CLIApp: Folder IDs for processing: ['0342-0349']
2025-09-01 17:00:56,935 [INFO] CLIApp: Reference filename for processing: ref.ply
2025-09-01 17:00:57,636 [INFO] CLIApp: Moving filename for processing: mov.ply
2025-09-01 17:01:50,658 [INFO] m3c2.pipeline.batch_orchestrator: === BatchOrchestrator initialisiert ===
2025-09-01 17:01:51,083 [INFO] m3c2.pipeline.batch_orchestrator: Konfigurationen: 1 Jobs
2025-09-01 17:01:58,178 [INFO] m3c2.pipeline.batch_orchestrator: 0342-0349, mov.ply, ref.ply, python
2025-09-01 17:03:54,825 [ERROR] m3c2.pipeline.batch_orchestrator: [Job] Fehler in Job '0342-0349' (Version ref.ply)
Traceback (most recent call last):
  File "c:\Users\sieglinde.hoedl\AI_Mars3D\src_uptodate\m3c2\pipeline\batch_orchestrator.py", line 99, in run_all
    self._run_single(cfg)
  File "c:\Users\sieglinde.hoedl\AI_Mars3D\src_uptodate\m3c2\pipeline\batch_orchestrator.py", line 130, in _run_single
    ds, mov, ref, corepoints = self._load_data(cfg)
                               ^^^^^^^^^^^^^^^^^^^^
  File "c:\Users\sieglinde.hoedl\AI_Mars3D\src_uptodate\m3c2\pipeline\batch_orchestrator.py", line 211, in _load_data
    mov, ref, corepoints = ds.load_points()
                           ^^^^^^^^^^^^^^^^
  File "c:\Users\sieglinde.hoedl\AI_Mars3D\src_uptodate\m3c2\io\datasource.py", line 140, in load_points
    mov, ref = self._load_epochs()
               ^^^^^^^^^^^^^^^^^^^
  File "c:\Users\sieglinde.hoedl\AI_Mars3D\src_uptodate\m3c2\io\datasource.py", line 169, in _load_epochs
    m_xyz = self._ensure_xyz(self.mov_base, (m_kind, m_path))
            ^^^^^^^^^^^^^^^^^^^^^^^^^^^^^^^^^^^^^^^^^^^^^^^^^
  File "c:\Users\sieglinde.hoedl\AI_Mars3D\src_uptodate\m3c2\io\datasource.py", line 130, in _ensure_xyz
    raise FileNotFoundError(f"Fehlt: {base}.xyz/.las/.laz/.ply/.obj/.gpc")
FileNotFoundError: Fehlt: 0342-0349\mov.ply.xyz/.las/.laz/.ply/.obj/.gpc
2025-09-01 17:21:27,499 [INFO] CLIApp: Base directories for processing: C:\Users\sieglinde.hoedl\AI_Mars3D\src_uptodate\data
2025-09-01 17:21:27,499 [INFO] CLIApp: Folder IDs for processing: ['0342-0349']
2025-09-01 17:21:27,499 [INFO] CLIApp: Reference filename for processing: ref.ply
2025-09-01 17:21:27,499 [INFO] CLIApp: Moving filename for processing: mov.ply
2025-09-01 17:21:27,499 [INFO] m3c2.pipeline.batch_orchestrator: === BatchOrchestrator initialisiert ===
2025-09-01 17:21:27,499 [INFO] m3c2.pipeline.batch_orchestrator: Konfigurationen: 1 Jobs
2025-09-01 17:21:27,500 [INFO] m3c2.pipeline.batch_orchestrator: 0342-0349, mov.ply, ref.ply, python
2025-09-01 17:21:27,500 [INFO] root: Nutze py4dgeo.read_from_xyz
2025-09-01 17:21:27,533 [INFO] py4dgeo: Reading point cloud from file 'C:\Users\sieglinde.hoedl\AI_Mars3D\src_uptodate\data\0342-0349\mov.xyz'
2025-09-01 17:21:29,784 [INFO] py4dgeo: Reading point cloud from file 'C:\Users\sieglinde.hoedl\AI_Mars3D\src_uptodate\data\0342-0349\ref.xyz'
2025-09-01 17:21:29,866 [INFO] root: Nutze ref als Corepoints und nutze Subsamling: 1
2025-09-01 17:21:29,867 [INFO] m3c2.pipeline.batch_orchestrator: [Load] data/0342-0349: mov=(709128, 3), ref=(27711, 3), corepoints=(27711, 3) | 2.368s
2025-09-01 17:21:29,924 [INFO] m3c2.pipeline.batch_orchestrator: [Spacing] avg_spacing=0.005028 (k=6) | 0.056s
2025-09-01 17:21:29,925 [INFO] root: [RadiusScan] Subsample: 10000/27711
2025-09-01 17:21:29,952 [INFO] root: [RadiusScan] D=0.000628465 | pop= 0.0±0.0 | 97%>0 | valid=0/10000 (0%) | sigma=nan | lambda_min=nan | Sigma/D=nan
2025-09-01 17:21:29,985 [INFO] root: [RadiusScan] D=0.00125693 | pop= 0.0±0.0 | 97%>0 | valid=0/10000 (0%) | sigma=nan | lambda_min=nan | Sigma/D=nan
2025-09-01 17:21:30,021 [INFO] root: [RadiusScan] D=0.00251386 | pop= 0.0±0.0 | 97%>0 | valid=0/10000 (0%) | sigma=nan | lambda_min=nan | Sigma/D=nan
2025-09-01 17:21:30,051 [INFO] root: [RadiusScan] D=0.00502772 | pop= 0.0±0.0 | 97%>0 | valid=0/10000 (0%) | sigma=nan | lambda_min=nan | Sigma/D=nan
2025-09-01 17:21:30,098 [INFO] root: [RadiusScan] D=0.0100554 | pop= 0.0±0.0 | 97%>0 | valid=0/10000 (0%) | sigma=nan | lambda_min=nan | Sigma/D=nan
2025-09-01 17:21:30,134 [INFO] root: [RadiusScan] D=0.0201109 | pop= 0.0±0.0 | 97%>0 | valid=0/10000 (0%) | sigma=nan | lambda_min=nan | Sigma/D=nan
2025-09-01 17:21:30,168 [INFO] root: [RadiusScan] D=0.0402218 | pop=10.6±0.8 | 97%>12 | valid=100/10000 (1%) | sigma=0.000255447 | lambda_min=6.49995e-07 | Sigma/D=0.0064
2025-09-01 17:21:30,338 [INFO] root: [RadiusScan] D=0.0804435 | pop=14.3±5.0 | 97%>27 | valid=3458/10000 (35%) | sigma=0.00288763 | lambda_min=2.10656e-05 | Sigma/D=0.0359
2025-09-01 17:21:30,705 [INFO] root: [RadiusScan] D=0.160887 | pop=34.0±21.5 | 97%>92 | valid=8966/10000 (90%) | sigma=0.00477246 | lambda_min=5.89733e-05 | Sigma/D=0.0297
2025-09-01 17:21:31,212 [INFO] root: [RadiusScan] D=0.321774 | pop=120.3±89.1 | 97%>361 | valid=9933/10000 (99%) | sigma=0.00919798 | lambda_min=0.00017634 | Sigma/D=0.0286
2025-09-01 17:21:31,856 [INFO] root: [RadiusScan] D=0.643548 | pop=428.3±296.5 | 97%>1191 | valid=9998/10000 (100%) | sigma=0.0165271 | lambda_min=0.000525099 | Sigma/D=0.0257
2025-09-01 17:21:32,856 [INFO] root: [RadiusScan] D=1.2871 | pop=1330.9±695.6 | 97%>2700 | valid=10000/10000 (100%) | sigma=0.0266401 | lambda_min=0.00110584 | Sigma/D=0.0207
2025-09-01 17:21:32,858 [INFO] m3c2.pipeline.batch_orchestrator: [Scan] 12 Skalen evaluiert | 2.934s
2025-09-01 17:21:32,858 [INFO] m3c2.pipeline.batch_orchestrator: [Select] normal=0.040222, proj=0.080444 | 0.000s
2025-09-01 17:21:32,858 [INFO] m3c2.pipeline.batch_orchestrator: [Params] gespeichert: data\0342-0349\python_mov.ply-ref.ply_m3c2_params.txt
2025-09-01 17:21:32,858 [INFO] py4dgeo: Building KDTree structure with leaf parameter 10
2025-09-01 17:21:33,030 [INFO] py4dgeo: Building KDTree structure with leaf parameter 10
2025-09-01 17:21:34,151 [INFO] m3c2.pipeline.batch_orchestrator: [Run] Punkte=27711 | NaN=0.42% | Zeit=1.296s
2025-09-01 17:21:34,218 [INFO] m3c2.pipeline.batch_orchestrator: [Run] Distanzen gespeichert: data\0342-0349\python_mov.ply-ref.ply_m3c2_distances.txt (27711 Werte, 0.42% NaN)
2025-09-01 17:21:34,218 [WARNING] m3c2.pipeline.batch_orchestrator: [Run] Anzahl Koordinaten stimmt nicht mit Distanzen überein: 709128 vs 27711
2025-09-01 17:21:34,335 [INFO] m3c2.pipeline.batch_orchestrator: [Run] Unsicherheiten gespeichert: data\0342-0349\python_mov.ply-ref.ply_m3c2_uncertainties.txt
2025-09-01 17:21:34,335 [INFO] m3c2.pipeline.batch_orchestrator: [Visual] Erzeuge Visualisierungen …
2025-09-01 17:21:34,819 [INFO] m3c2.pipeline.batch_orchestrator: [Visual] Histogram gespeichert: data\0342-0349\python_mov.ply-ref.ply_histogram.png
2025-09-01 17:21:34,869 [INFO] m3c2.pipeline.batch_orchestrator: [Visual] Farb-PLY gespeichert: data\0342-0349\python_mov.ply-ref.ply_includenonvalid.ply
2025-09-01 17:21:34,869 [WARNING] m3c2.pipeline.batch_orchestrator: [Visual] Export valid-only übersprungen: boolean index did not match indexed array along axis 0; size of axis is 709128 but size of corresponding boolean axis is 27711
2025-09-01 17:21:34,869 [INFO] m3c2.pipeline.batch_orchestrator: [Outlier] Entferne Ausreißer für 0342-0349
2025-09-01 17:21:34,869 [ERROR] m3c2.pipeline.batch_orchestrator: Fehler beim Entfernen von Ausreißern
Traceback (most recent call last):
  File "c:\Users\sieglinde.hoedl\AI_Mars3D\src_uptodate\m3c2\pipeline\batch_orchestrator.py", line 167, in _run_single
    self._exclude_outliers(cfg, ds.config.folder)
  File "c:\Users\sieglinde.hoedl\AI_Mars3D\src_uptodate\m3c2\pipeline\batch_orchestrator.py", line 370, in _exclude_outliers
    exclude_outliers(
TypeError: exclude_outliers() got an unexpected keyword argument 'data_folder'
2025-09-01 17:21:34,869 [INFO] m3c2.pipeline.batch_orchestrator: [Outlier] Erzeuge .ply Dateien für Outliers / Inliers …
2025-09-01 17:21:34,869 [INFO] m3c2.pipeline.batch_orchestrator: [Visual] Erzeuge .ply Dateien für Outliers / Inliers …
2025-09-01 17:21:34,869 [WARNING] m3c2.pipeline.batch_orchestrator: [Visual] Export valid-only übersprungen: data\0342-0349\python_mov.ply-ref.ply_m3c2_distances_coordinates_outlier_rmse.txt not found.
2025-09-01 17:21:34,869 [WARNING] m3c2.pipeline.batch_orchestrator: [Visual] Export valid-only übersprungen: data\0342-0349\python_mov.ply-ref.ply_m3c2_distances_coordinates_inlier_rmse.txt not found.
2025-09-01 17:21:34,869 [INFO] m3c2.pipeline.batch_orchestrator: [Stats on Distance] Berechne M3C2-Statistiken 0342-0349,ref.ply …
2025-09-01 17:21:36,819 [INFO] m3c2.pipeline.batch_orchestrator: [Job] 0342-0349 abgeschlossen in 9.321s
2025-09-01 17:21:36,819 [INFO] CLIApp: Processing completed successfully.
2025-09-01 17:24:57,478 [INFO] CLIApp: Base directories for processing: C:\Users\sieglinde.hoedl\AI_Mars3D\src_uptodate\data
2025-09-01 17:24:57,478 [INFO] CLIApp: Folder IDs for processing: ['0342-0349']
2025-09-01 17:24:57,478 [INFO] CLIApp: Reference filename for processing: ref
2025-09-01 17:24:57,478 [INFO] CLIApp: Moving filename for processing: mov
2025-09-01 17:24:57,478 [INFO] m3c2.pipeline.batch_orchestrator: === BatchOrchestrator initialisiert ===
2025-09-01 17:24:57,478 [INFO] m3c2.pipeline.batch_orchestrator: Konfigurationen: 1 Jobs
2025-09-01 17:24:57,478 [INFO] m3c2.pipeline.batch_orchestrator: 0342-0349, mov, ref, python
2025-09-01 17:24:57,478 [INFO] root: Nutze py4dgeo.read_from_xyz
2025-09-01 17:24:57,527 [INFO] py4dgeo: Reading point cloud from file 'C:\Users\sieglinde.hoedl\AI_Mars3D\src_uptodate\data\0342-0349\mov.xyz'
2025-09-01 17:24:59,712 [INFO] py4dgeo: Reading point cloud from file 'C:\Users\sieglinde.hoedl\AI_Mars3D\src_uptodate\data\0342-0349\ref.xyz'
2025-09-01 17:24:59,798 [INFO] root: Nutze mov als Corepoints und nutze Subsamling: 1
2025-09-01 17:24:59,799 [INFO] m3c2.pipeline.batch_orchestrator: [Load] data/0342-0349: mov=(709128, 3), ref=(27711, 3), corepoints=(709128, 3) | 2.316s
2025-09-01 17:25:01,740 [INFO] m3c2.pipeline.batch_orchestrator: [Spacing] avg_spacing=0.000973 (k=6) | 1.949s
2025-09-01 17:25:01,759 [INFO] root: [RadiusScan] Subsample: 10000/709128
2025-09-01 17:25:01,794 [INFO] root: [RadiusScan] D=0.000121639 | pop= 0.0±0.0 | 97%>0 | valid=0/10000 (0%) | sigma=nan | lambda_min=nan | Sigma/D=nan
2025-09-01 17:25:01,830 [INFO] root: [RadiusScan] D=0.000243279 | pop= 0.0±0.0 | 97%>0 | valid=0/10000 (0%) | sigma=nan | lambda_min=nan | Sigma/D=nan
2025-09-01 17:25:01,863 [INFO] root: [RadiusScan] D=0.000486558 | pop= 0.0±0.0 | 97%>0 | valid=0/10000 (0%) | sigma=nan | lambda_min=nan | Sigma/D=nan
2025-09-01 17:25:01,893 [INFO] root: [RadiusScan] D=0.000973116 | pop= 0.0±0.0 | 97%>0 | valid=0/10000 (0%) | sigma=nan | lambda_min=nan | Sigma/D=nan
2025-09-01 17:25:01,933 [INFO] root: [RadiusScan] D=0.00194623 | pop= 0.0±0.0 | 97%>0 | valid=0/10000 (0%) | sigma=nan | lambda_min=nan | Sigma/D=nan
2025-09-01 17:25:01,964 [INFO] root: [RadiusScan] D=0.00389246 | pop= 0.0±0.0 | 97%>0 | valid=0/10000 (0%) | sigma=nan | lambda_min=nan | Sigma/D=nan
2025-09-01 17:25:02,003 [INFO] root: [RadiusScan] D=0.00778493 | pop= 0.0±0.0 | 97%>0 | valid=0/10000 (0%) | sigma=nan | lambda_min=nan | Sigma/D=nan
2025-09-01 17:25:02,040 [INFO] root: [RadiusScan] D=0.0155699 | pop= 0.0±0.0 | 97%>0 | valid=0/10000 (0%) | sigma=nan | lambda_min=nan | Sigma/D=nan
2025-09-01 17:25:02,076 [INFO] root: [RadiusScan] D=0.0311397 | pop= 0.0±0.0 | 97%>0 | valid=0/10000 (0%) | sigma=nan | lambda_min=nan | Sigma/D=nan
2025-09-01 17:25:02,134 [INFO] root: [RadiusScan] D=0.0622794 | pop=11.1±1.4 | 97%>14 | valid=440/10000 (4%) | sigma=0.00267577 | lambda_min=1.09636e-05 | Sigma/D=0.0430
2025-09-01 17:25:02,432 [INFO] root: [RadiusScan] D=0.124559 | pop=17.9±5.9 | 97%>31 | valid=7293/10000 (73%) | sigma=0.00383211 | lambda_min=3.10948e-05 | Sigma/D=0.0308
2025-09-01 17:25:02,860 [INFO] root: [RadiusScan] D=0.249118 | pop=54.0±24.2 | 97%>105 | valid=9825/10000 (98%) | sigma=0.00725511 | lambda_min=0.000113381 | Sigma/D=0.0291
2025-09-01 17:25:02,860 [INFO] m3c2.pipeline.batch_orchestrator: [Scan] 12 Skalen evaluiert | 1.114s
2025-09-01 17:25:02,860 [INFO] m3c2.pipeline.batch_orchestrator: [Select] normal=0.124559, proj=0.249118 | 0.000s
2025-09-01 17:25:02,860 [INFO] m3c2.pipeline.batch_orchestrator: [Params] gespeichert: data\0342-0349\python_mov-ref_m3c2_params.txt
2025-09-01 17:25:02,860 [INFO] py4dgeo: Building KDTree structure with leaf parameter 10
2025-09-01 17:25:03,034 [INFO] py4dgeo: Building KDTree structure with leaf parameter 10
2025-09-01 17:30:48,238 [INFO] m3c2.pipeline.batch_orchestrator: [Run] Punkte=709128 | NaN=0.01% | Zeit=345.379s
2025-09-01 17:30:49,265 [INFO] m3c2.pipeline.batch_orchestrator: [Run] Distanzen gespeichert: data\0342-0349\python_mov-ref_m3c2_distances.txt (709128 Werte, 0.01% NaN)
2025-09-01 17:30:50,713 [INFO] m3c2.pipeline.batch_orchestrator: [Run] Distanzen mit Koordinaten gespeichert: data\0342-0349\python_mov-ref_m3c2_distances_coordinates.txt
2025-09-01 17:30:53,301 [INFO] m3c2.pipeline.batch_orchestrator: [Run] Unsicherheiten gespeichert: data\0342-0349\python_mov-ref_m3c2_uncertainties.txt
2025-09-01 17:30:53,303 [INFO] m3c2.pipeline.batch_orchestrator: [Visual] Erzeuge Visualisierungen …
2025-09-01 17:30:53,909 [INFO] m3c2.pipeline.batch_orchestrator: [Visual] Histogram gespeichert: data\0342-0349\python_mov-ref_histogram.png
2025-09-01 17:30:55,126 [INFO] m3c2.pipeline.batch_orchestrator: [Visual] Farb-PLY gespeichert: data\0342-0349\python_mov-ref_includenonvalid.ply
2025-09-01 17:30:56,327 [INFO] m3c2.pipeline.batch_orchestrator: [Visual] Valid-PLY gespeichert: data\0342-0349\python_mov-ref.ply
2025-09-01 17:30:56,327 [INFO] m3c2.pipeline.batch_orchestrator: [Outlier] Entferne Ausreißer für 0342-0349
2025-09-01 17:30:56,327 [ERROR] m3c2.pipeline.batch_orchestrator: Fehler beim Entfernen von Ausreißern
Traceback (most recent call last):
  File "c:\Users\sieglinde.hoedl\AI_Mars3D\src_uptodate\m3c2\pipeline\batch_orchestrator.py", line 167, in _run_single
    self._exclude_outliers(cfg, ds.config.folder)
  File "c:\Users\sieglinde.hoedl\AI_Mars3D\src_uptodate\m3c2\pipeline\batch_orchestrator.py", line 370, in _exclude_outliers
    exclude_outliers(
TypeError: exclude_outliers() got an unexpected keyword argument 'data_folder'
2025-09-01 17:30:56,327 [INFO] m3c2.pipeline.batch_orchestrator: [Outlier] Erzeuge .ply Dateien für Outliers / Inliers …
2025-09-01 17:30:56,327 [INFO] m3c2.pipeline.batch_orchestrator: [Visual] Erzeuge .ply Dateien für Outliers / Inliers …
2025-09-01 17:30:56,327 [WARNING] m3c2.pipeline.batch_orchestrator: [Visual] Export valid-only übersprungen: data\0342-0349\python_mov-ref_m3c2_distances_coordinates_outlier_rmse.txt not found.
2025-09-01 17:30:56,327 [WARNING] m3c2.pipeline.batch_orchestrator: [Visual] Export valid-only übersprungen: data\0342-0349\python_mov-ref_m3c2_distances_coordinates_inlier_rmse.txt not found.
2025-09-01 17:30:56,327 [INFO] m3c2.pipeline.batch_orchestrator: [Stats on Distance] Berechne M3C2-Statistiken 0342-0349,ref …
2025-09-01 17:31:28,114 [INFO] m3c2.pipeline.batch_orchestrator: [Job] 0342-0349 abgeschlossen in 390.636s
2025-09-01 17:31:28,114 [INFO] CLIApp: Processing completed successfully.
2025-09-02 08:48:48,881 [INFO] CLIApp - Base directories for processing: C:\Users\sieglinde.hoedl\AppData\Local\Temp\pytest-of-Sieglinde.Hoedl\pytest-3\test_run_invokes_orchestrator0
2025-09-02 08:48:48,881 [INFO] CLIApp - Folder IDs for processing: ['001']
2025-09-02 08:48:48,881 [INFO] CLIApp - Reference filename for processing: ref
2025-09-02 08:48:48,881 [INFO] CLIApp - Moving filename for processing: mov
2025-09-02 08:48:48,881 [INFO] CLIApp - Processing completed successfully.
2025-09-02 08:48:48,892 [INFO] m3c2.cli.comparedist_plots - Starting plot generation PlotConfig(folder_ids=['id'], filenames=['ref'], project='MARS', outdir='C:\\Users\\sieglinde.hoedl\\AppData\\Local\\Temp\\pytest-of-Sieglinde.Hoedl\\pytest-3\\test_main_creates_output0', versions=None, bins=256, colors={}, path='C:\\Users\\sieglinde.hoedl\\AppData\\Local\\Temp\\pytest-of-Sieglinde.Hoedl\\pytest-3\\test_main_creates_output0\\MARS_output\\MARS_plots'), PlotOptionsComparedistances(plot_blandaltman=True, plot_passingbablok=True, plot_linearregression=True)
2025-09-02 08:48:48,895 [INFO] m3c2.cli.outlier_plots - Starting variant ref
2025-09-02 08:48:48,966 [INFO] m3c2.cli.outlier_plots - Completed variant ref
2025-09-02 08:48:49,295 [INFO] m3c2.cli.plot_report - Generating summary PDF reports from C:\Users\sieglinde.hoedl\AppData\Local\Temp\pytest-of-Sieglinde.Hoedl\pytest-3\test_main_builds_pdfs0 to C:\Users\sieglinde.hoedl\AppData\Local\Temp\pytest-of-Sieglinde.Hoedl\pytest-3\test_main_builds_pdfs0
2025-09-02 08:48:49,295 [INFO] m3c2.cli.plot_report - PDF (incl. outliers): C:\Users\sieglinde.hoedl\AppData\Local\Temp\pytest-of-Sieglinde.Hoedl\pytest-3\test_main_builds_pdfs0\parts_summary_incl_outliers.pdf
2025-09-02 08:48:49,295 [INFO] m3c2.cli.plot_report - PDF (excl. outliers): C:\Users\sieglinde.hoedl\AppData\Local\Temp\pytest-of-Sieglinde.Hoedl\pytest-3\test_main_builds_pdfs0\parts_summary_excl_outliers.pdf
2025-09-02 08:48:49,295 [INFO] m3c2.cli.singlecloud_stats - Parameters received: folder_ids=['fid'], filename_mov=HandheldRoi, filename_ref=MavicRoi, area_m2=None, radius=1.0, k=6, sample_size=100000, use_convex_hull=True, out_path=C:\Users\sieglinde.hoedl\AppData\Local\Temp\pytest-of-Sieglinde.Hoedl\pytest-3\test_main_writes_output0\stats.xlsx, sheet_name=CloudStats, output_format=excel
2025-09-02 08:48:49,295 [INFO] m3c2.cli.singlecloud_stats - Processing folders: ['fid']
2025-09-02 08:48:49,295 [INFO] m3c2.cli.singlecloud_stats - Statistics computation completed successfully
2025-09-02 08:48:49,309 [INFO] m3c2.core.statistics.basic_metrics - basic_stats received 0 values
2025-09-02 08:48:49,310 [INFO] m3c2.core.statistics.basic_metrics - basic_stats summary: min=nan, max=nan, mean=nan
2025-09-02 08:48:49,311 [INFO] m3c2.core.statistics.basic_metrics - basic_stats received 3 values
2025-09-02 08:48:49,312 [INFO] m3c2.core.statistics.basic_metrics - basic_stats summary: min=1.000000, max=3.000000, mean=2.000000
2025-09-02 08:48:49,328 [INFO] m3c2.core.statistics.basic_metrics - fit_distributions Gaussian: mu=0.946220, std=2.027199, chi2=58.254962
2025-09-02 08:48:49,328 [INFO] m3c2.core.statistics.basic_metrics - fit_distributions Weibull: a=5.182183, b=10.252431, loc=-8.505403, chi2=42.907220
2025-09-02 08:48:51,257 [INFO] m3c2.core.statistics.cloud_quality - Calculating cloud stats for 4 points (radius=2.0, k=2, sample_size=None)
2025-09-02 08:48:51,257 [INFO] m3c2.core.statistics.cloud_quality - Computed metrics: global density=4.000, roughness_mean=0.000
2025-09-02 08:48:51,274 [INFO] m3c2.core.exclude_outliers - [Exclude Outliers] RMS: 2.504309
2025-09-02 08:48:51,274 [INFO] m3c2.core.exclude_outliers - [Exclude Outliers] Outlier-Schwelle: 2.504309
2025-09-02 08:48:51,274 [INFO] m3c2.core.exclude_outliers - [Exclude Outliers] Inlier gespeichert: C:\Users\sieglinde.hoedl\AppData\Local\Temp\pytest-of-Sieglinde.Hoedl\pytest-3\test_exclude_outliers_methods0\distances_inlier_rmse.txt
2025-09-02 08:48:51,274 [INFO] m3c2.core.exclude_outliers - [Exclude Outliers] Outlier gespeichert: C:\Users\sieglinde.hoedl\AppData\Local\Temp\pytest-of-Sieglinde.Hoedl\pytest-3\test_exclude_outliers_methods0\distances_outlier_rmse.txt
2025-09-02 08:48:51,274 [INFO] m3c2.core.exclude_outliers - [Exclude Outliers] Gesamt: 9
2025-09-02 08:48:51,274 [INFO] m3c2.core.exclude_outliers - [Exclude Outliers] NaN: 1
2025-09-02 08:48:51,274 [INFO] m3c2.core.exclude_outliers - [Exclude Outliers] Valid (ohne NaN): 8
2025-09-02 08:48:51,274 [INFO] m3c2.core.exclude_outliers - [Exclude Outliers] Methode: rmse
2025-09-02 08:48:51,274 [INFO] m3c2.core.exclude_outliers - [Exclude Outliers] Outlier: 2
2025-09-02 08:48:51,274 [INFO] m3c2.core.exclude_outliers - [Exclude Outliers] Inlier: 6
2025-09-02 08:48:51,274 [INFO] m3c2.core.exclude_outliers - [Exclude Outliers] IQR: 0.250000
2025-09-02 08:48:51,274 [INFO] m3c2.core.exclude_outliers - [Exclude Outliers] Outlier-Schwellen: -0.400000 bis 0.600000
2025-09-02 08:48:51,274 [INFO] m3c2.core.exclude_outliers - [Exclude Outliers] Inlier gespeichert: C:\Users\sieglinde.hoedl\AppData\Local\Temp\pytest-of-Sieglinde.Hoedl\pytest-3\test_exclude_outliers_methods0\distances_inlier_iqr.txt
2025-09-02 08:48:51,274 [INFO] m3c2.core.exclude_outliers - [Exclude Outliers] Outlier gespeichert: C:\Users\sieglinde.hoedl\AppData\Local\Temp\pytest-of-Sieglinde.Hoedl\pytest-3\test_exclude_outliers_methods0\distances_outlier_iqr.txt
2025-09-02 08:48:51,274 [INFO] m3c2.core.exclude_outliers - [Exclude Outliers] Gesamt: 9
2025-09-02 08:48:51,274 [INFO] m3c2.core.exclude_outliers - [Exclude Outliers] NaN: 1
2025-09-02 08:48:51,274 [INFO] m3c2.core.exclude_outliers - [Exclude Outliers] Valid (ohne NaN): 8
2025-09-02 08:48:51,274 [INFO] m3c2.core.exclude_outliers - [Exclude Outliers] Methode: iqr
2025-09-02 08:48:51,274 [INFO] m3c2.core.exclude_outliers - [Exclude Outliers] Outlier: 2
2025-09-02 08:48:51,274 [INFO] m3c2.core.exclude_outliers - [Exclude Outliers] Inlier: 6
2025-09-02 08:48:51,274 [INFO] m3c2.core.exclude_outliers - [Exclude Outliers] STD: 2.502990
2025-09-02 08:48:51,274 [INFO] m3c2.core.exclude_outliers - [Exclude Outliers] Outlier-Schwelle: 2.502990
2025-09-02 08:48:51,289 [INFO] m3c2.core.exclude_outliers - [Exclude Outliers] Inlier gespeichert: C:\Users\sieglinde.hoedl\AppData\Local\Temp\pytest-of-Sieglinde.Hoedl\pytest-3\test_exclude_outliers_methods0\distances_inlier_std.txt
2025-09-02 08:48:51,289 [INFO] m3c2.core.exclude_outliers - [Exclude Outliers] Outlier gespeichert: C:\Users\sieglinde.hoedl\AppData\Local\Temp\pytest-of-Sieglinde.Hoedl\pytest-3\test_exclude_outliers_methods0\distances_outlier_std.txt
2025-09-02 08:48:51,289 [INFO] m3c2.core.exclude_outliers - [Exclude Outliers] Gesamt: 9
2025-09-02 08:48:51,289 [INFO] m3c2.core.exclude_outliers - [Exclude Outliers] NaN: 1
2025-09-02 08:48:51,289 [INFO] m3c2.core.exclude_outliers - [Exclude Outliers] Valid (ohne NaN): 8
2025-09-02 08:48:51,289 [INFO] m3c2.core.exclude_outliers - [Exclude Outliers] Methode: std
2025-09-02 08:48:51,289 [INFO] m3c2.core.exclude_outliers - [Exclude Outliers] Outlier: 2
2025-09-02 08:48:51,289 [INFO] m3c2.core.exclude_outliers - [Exclude Outliers] Inlier: 6
2025-09-02 08:48:51,293 [INFO] m3c2.core.exclude_outliers - [Exclude Outliers] Inlier gespeichert: C:\Users\sieglinde.hoedl\AppData\Local\Temp\pytest-of-Sieglinde.Hoedl\pytest-3\test_exclude_outliers_methods0\distances_inlier_nmad.txt
2025-09-02 08:48:51,293 [INFO] m3c2.core.exclude_outliers - [Exclude Outliers] Outlier gespeichert: C:\Users\sieglinde.hoedl\AppData\Local\Temp\pytest-of-Sieglinde.Hoedl\pytest-3\test_exclude_outliers_methods0\distances_outlier_nmad.txt
2025-09-02 08:48:51,293 [INFO] m3c2.core.exclude_outliers - [Exclude Outliers] Gesamt: 9
2025-09-02 08:48:51,293 [INFO] m3c2.core.exclude_outliers - [Exclude Outliers] NaN: 1
2025-09-02 08:48:51,293 [INFO] m3c2.core.exclude_outliers - [Exclude Outliers] Valid (ohne NaN): 8
2025-09-02 08:48:51,293 [INFO] m3c2.core.exclude_outliers - [Exclude Outliers] Methode: nmad
2025-09-02 08:48:51,293 [INFO] m3c2.core.exclude_outliers - [Exclude Outliers] Outlier: 2
2025-09-02 08:48:51,293 [INFO] m3c2.core.exclude_outliers - [Exclude Outliers] Inlier: 6
2025-09-02 08:48:51,298 [INFO] m3c2.core.exclude_outliers - [Exclude Outliers] RMS: 2.504309
2025-09-02 08:48:51,298 [INFO] m3c2.core.exclude_outliers - [Exclude Outliers] Outlier-Schwelle: 2.504309
2025-09-02 08:48:51,298 [INFO] m3c2.core.exclude_outliers - [Exclude Outliers] Inlier gespeichert: C:\Users\sieglinde.hoedl\AppData\Local\Temp\pytest-of-Sieglinde.Hoedl\pytest-3\test_outlier_detector_class0\distances_inlier_rmse.txt
2025-09-02 08:48:51,298 [INFO] m3c2.core.exclude_outliers - [Exclude Outliers] Outlier gespeichert: C:\Users\sieglinde.hoedl\AppData\Local\Temp\pytest-of-Sieglinde.Hoedl\pytest-3\test_outlier_detector_class0\distances_outlier_rmse.txt
2025-09-02 08:48:51,298 [INFO] m3c2.core.exclude_outliers - [Exclude Outliers] Gesamt: 9
2025-09-02 08:48:51,298 [INFO] m3c2.core.exclude_outliers - [Exclude Outliers] NaN: 1
2025-09-02 08:48:51,298 [INFO] m3c2.core.exclude_outliers - [Exclude Outliers] Valid (ohne NaN): 8
2025-09-02 08:48:51,298 [INFO] m3c2.core.exclude_outliers - [Exclude Outliers] Methode: rmse
2025-09-02 08:48:51,298 [INFO] m3c2.core.exclude_outliers - [Exclude Outliers] Outlier: 2
2025-09-02 08:48:51,298 [INFO] m3c2.core.exclude_outliers - [Exclude Outliers] Inlier: 6
2025-09-02 08:48:51,312 [INFO] m3c2.core.statistics.exporters - Skipping writing table to dummy.xlsx - no data
2025-09-02 08:48:51,329 [INFO] m3c2.core.statistics.exporters - Skipping writing cloud stats to dummy.xlsx - no data
2025-09-02 08:48:51,330 [INFO] m3c2.core.m3c2_runner - Starting M3C2 run with normal=0.5 and projection=1.0
2025-09-02 08:48:51,330 [INFO] m3c2.core.m3c2_runner - Completed M3C2 run: 1 distances (NaN ratio 0.00%)
2025-09-02 08:48:51,330 [INFO] m3c2.core.statistics.outliers - [Outliers] Methode: rmse
2025-09-02 08:48:51,330 [INFO] m3c2.core.statistics.outliers - [Outliers] RMSE: 5.773503, Outlier-Schwelle: 5.773503
2025-09-02 08:48:51,330 [INFO] m3c2.core.statistics.outliers - [Outliers] Methode: iqr
2025-09-02 08:48:51,330 [INFO] m3c2.core.statistics.outliers - [Outliers] IQR: 25.500000
2025-09-02 08:48:51,330 [INFO] m3c2.core.statistics.outliers - [Outliers] Outlier-Schwellen: -36.500000 bis 65.500000
2025-09-02 08:48:51,339 [INFO] m3c2.core.statistics.outliers - [Outliers] Methode: std
2025-09-02 08:48:51,340 [INFO] m3c2.core.statistics.outliers - [Outliers] STD: 4.714045, Outlier-Schwelle: 4.714045
2025-09-02 08:48:51,341 [INFO] m3c2.core.statistics.outliers - [Outliers] Methode: nmad
2025-09-02 08:48:51,341 [INFO] m3c2.core.statistics.outliers - [Outliers] NMAD: 0.000000, Outlier-Schwelle: 0.000000
2025-09-02 08:48:51,343 [INFO] m3c2.core.statistics.outliers - [Outliers] Methode: foo
2025-09-02 08:48:51,344 [INFO] m3c2.core.statistics.outliers - [Outliers] Outlier: +1 / -1 | Inlier: +2 / -1
2025-09-02 08:48:51,345 [INFO] m3c2.core.statistics.outliers - [Outliers] Outlier: +0 / -0 | Inlier: +2 / -0
2025-09-02 08:48:51,350 [INFO] m3c2.core.param_estimator - [Spacing] estimate_min_spacing called with 4 points
2025-09-02 08:48:51,357 [INFO] m3c2.core.param_estimator - [Scan] scan_scales called with 4 points and avg_spacing 1.000000
2025-09-02 08:48:51,360 [INFO] m3c2.core.param_estimator - [Select] select_scales called with 2 scans
2025-09-02 08:48:51,368 [INFO] m3c2.gui.argparse_gui - GUI window opened
2025-09-02 08:48:51,372 [INFO] m3c2.gui.argparse_gui - Start pressed with arguments: ['--flag', '--opt', 'value', 'positional']
2025-09-02 08:48:51,375 [INFO] m3c2.io.excel_writer.comments_stats_clouds - Loading workbook 'dummy.xlsx'
2025-09-02 08:48:51,375 [INFO] m3c2.io.excel_writer.comments_stats_clouds - Workbook 'dummy.xlsx' loaded
2025-09-02 08:48:51,375 [INFO] m3c2.io.excel_writer.comments_stats_clouds - Checking for sheet 'CloudStats'
2025-09-02 08:48:51,375 [INFO] m3c2.io.excel_writer.comments_stats_clouds - Processing headers in sheet 'CloudStats'
2025-09-02 08:48:51,375 [INFO] m3c2.io.excel_writer.comments_stats_clouds - Inserted comment for header 'Timestamp'
2025-09-02 08:48:51,375 [WARNING] m3c2.io.excel_writer.comments_stats_clouds - No comment mapping found for header 'Other'
2025-09-02 08:48:51,375 [INFO] m3c2.io.excel_writer.comments_stats_clouds - Saving workbook 'dummy.xlsx'
2025-09-02 08:48:51,375 [INFO] m3c2.io.excel_writer.comments_stats_clouds - Workbook 'dummy.xlsx' saved
2025-09-02 08:48:51,375 [INFO] m3c2.io.excel_writer.comments_stats_clouds - Loading workbook 'dummy.xlsx'
2025-09-02 08:48:51,375 [INFO] m3c2.io.excel_writer.comments_stats_clouds - Workbook 'dummy.xlsx' loaded
2025-09-02 08:48:51,375 [INFO] m3c2.io.excel_writer.comments_stats_clouds - Checking for sheet 'CloudStats'
2025-09-02 08:48:51,375 [WARNING] m3c2.io.excel_writer.comments_stats_clouds - Sheet 'CloudStats' not found in dummy.xlsx
2025-09-02 08:48:51,394 [INFO] m3c2.io.excel_writer.comments_stats_distances - Loading workbook 'dummy.xlsx'
2025-09-02 08:48:51,394 [INFO] m3c2.io.excel_writer.comments_stats_distances - Workbook 'dummy.xlsx' loaded
2025-09-02 08:48:51,394 [INFO] m3c2.io.excel_writer.comments_stats_distances - Checking for sheet 'Results'
2025-09-02 08:48:51,394 [INFO] m3c2.io.excel_writer.comments_stats_distances - Processing headers in sheet 'Results'
2025-09-02 08:48:51,394 [INFO] m3c2.io.excel_writer.comments_stats_distances - Inserted comment for header 'Timestamp'
2025-09-02 08:48:51,394 [WARNING] m3c2.io.excel_writer.comments_stats_distances - No comment mapping found for header 'Other'
2025-09-02 08:48:51,394 [INFO] m3c2.io.excel_writer.comments_stats_distances - Saving workbook 'dummy.xlsx'
2025-09-02 08:48:51,395 [INFO] m3c2.io.excel_writer.comments_stats_distances - Workbook 'dummy.xlsx' saved
2025-09-02 08:48:51,398 [INFO] m3c2.io.excel_writer.comments_stats_distances - Loading workbook 'dummy.xlsx'
2025-09-02 08:48:51,398 [INFO] m3c2.io.excel_writer.comments_stats_distances - Workbook 'dummy.xlsx' loaded
2025-09-02 08:48:51,398 [INFO] m3c2.io.excel_writer.comments_stats_distances - Checking for sheet 'Results'
2025-09-02 08:48:51,398 [WARNING] m3c2.io.excel_writer.comments_stats_distances - Sheet 'Results' not found in dummy.xlsx
2025-09-02 08:48:51,418 [INFO] m3c2.io.filename_services.delete_filename - C:\Users\sieglinde.hoedl\AppData\Local\Temp\pytest-of-Sieglinde.Hoedl\pytest-3\test_main_renames_and_dry_run0\sub\python_file2.txt -> C:\Users\sieglinde.hoedl\AppData\Local\Temp\pytest-of-Sieglinde.Hoedl\pytest-3\test_main_renames_and_dry_run0\sub\file2.txt
2025-09-02 08:48:51,418 [INFO] m3c2.io.filename_services.delete_filename - C:\Users\sieglinde.hoedl\AppData\Local\Temp\pytest-of-Sieglinde.Hoedl\pytest-3\test_main_renames_and_dry_run0\python_file1.txt -> C:\Users\sieglinde.hoedl\AppData\Local\Temp\pytest-of-Sieglinde.Hoedl\pytest-3\test_main_renames_and_dry_run0\file1.txt
2025-09-02 08:48:51,418 [INFO] m3c2.io.filename_services.delete_filename - Fertig. Umbenannt: 2, Übersprungen: 0
2025-09-02 08:48:51,418 [INFO] m3c2.io.filename_services.delete_filename - C:\Users\sieglinde.hoedl\AppData\Local\Temp\pytest-of-Sieglinde.Hoedl\pytest-3\test_main_renames_and_dry_run0\python_dry.txt -> C:\Users\sieglinde.hoedl\AppData\Local\Temp\pytest-of-Sieglinde.Hoedl\pytest-3\test_main_renames_and_dry_run0\dry.txt
2025-09-02 08:48:51,418 [INFO] m3c2.io.filename_services.delete_filename - Fertig. (Dry-Run) Umbenannt: 1, Übersprungen: 0
2025-09-02 08:48:51,442 [INFO] m3c2.io.filename_services.rename_filename - C:\Users\sieglinde.hoedl\AppData\Local\Temp\pytest-of-Sieglinde.Hoedl\pytest-3\test_main_renames_and_dry_run1\sub\2-2_cloud.txt -> C:\Users\sieglinde.hoedl\AppData\Local\Temp\pytest-of-Sieglinde.Hoedl\pytest-3\test_main_renames_and_dry_run1\sub\b-2_cloud.txt
2025-09-02 08:48:51,443 [INFO] m3c2.io.filename_services.rename_filename - C:\Users\sieglinde.hoedl\AppData\Local\Temp\pytest-of-Sieglinde.Hoedl\pytest-3\test_main_renames_and_dry_run1\1-1_cloud.txt -> C:\Users\sieglinde.hoedl\AppData\Local\Temp\pytest-of-Sieglinde.Hoedl\pytest-3\test_main_renames_and_dry_run1\a-1_cloud.txt
2025-09-02 08:48:51,443 [INFO] m3c2.io.filename_services.rename_filename - Fertig. Umbenannt: 2, Übersprungen: 0
2025-09-02 08:48:51,445 [INFO] m3c2.io.filename_services.rename_filename - C:\Users\sieglinde.hoedl\AppData\Local\Temp\pytest-of-Sieglinde.Hoedl\pytest-3\test_main_renames_and_dry_run1\1-3_cloud.txt -> C:\Users\sieglinde.hoedl\AppData\Local\Temp\pytest-of-Sieglinde.Hoedl\pytest-3\test_main_renames_and_dry_run1\a-3_cloud.txt
2025-09-02 08:48:51,445 [INFO] m3c2.io.filename_services.rename_filename - Fertig. (Dry-Run) Umbenannt: 1, Übersprungen: 0
2025-09-02 08:48:51,490 [INFO] m3c2.io.format_handler - Reading GPC file C:\Users\sieglinde.hoedl\AppData\Local\Temp\pytest-of-Sieglinde.Hoedl\pytest-3\test_ensure_xyz_from_gpc0\mov.gpc
2025-09-02 08:48:51,491 [INFO] m3c2.io.datasource - Nutze py4dgeo.read_from_xyz
2025-09-02 08:48:51,491 [INFO] m3c2.io.datasource - Nutze mov als Corepoints und nutze Subsamling: 1
2025-09-02 08:48:51,491 [INFO] m3c2.io.datasource - Nutze py4dgeo.read_from_ply
2025-09-02 08:48:51,491 [INFO] m3c2.io.datasource - Nutze mov als Corepoints und nutze Subsamling: 1
2025-09-02 08:48:51,510 [INFO] m3c2.io.format_handler - Reading XYZ file C:\Users\sieglinde.hoedl\AppData\Local\Temp\pytest-of-Sieglinde.Hoedl\pytest-3\test_read_xyz0\points.xyz
2025-09-02 08:48:51,510 [INFO] m3c2.io.format_handler - Reading PLY file C:\Users\sieglinde.hoedl\AppData\Local\Temp\pytest-of-Sieglinde.Hoedl\pytest-3\test_read_ply0\points.ply
2025-09-02 08:48:51,528 [INFO] m3c2.io.format_handler - Reading OBJ file C:\Users\sieglinde.hoedl\AppData\Local\Temp\pytest-of-Sieglinde.Hoedl\pytest-3\test_read_obj0\mesh.obj
2025-09-02 08:48:51,529 [INFO] m3c2.io.format_handler - Reading LAS/LAZ file C:\Users\sieglinde.hoedl\AppData\Local\Temp\pytest-of-Sieglinde.Hoedl\pytest-3\test_read_las_missing_dependen0\dummy.las
2025-09-02 08:48:51,529 [ERROR] m3c2.io.format_handler - LAS/LAZ found, but 'laspy' is not installed.
Traceback (most recent call last):
  File "c:\Users\sieglinde.hoedl\AI_Mars3D\src_uptodate\m3c2\io\format_handler.py", line 32, in read_las
    laspy = import_module("laspy")
            ^^^^^^^^^^^^^^^^^^^^^^
  File "c:\Users\sieglinde.hoedl\AI_Mars3D\src_uptodate\tests\test_io\test_format_handler.py", line 61, in fake_import
    raise ImportError
ImportError
