[2025-08-19 14:00:41][INFO] Reading point cloud from file 'C:\Users\siegl\OneDrive\09 Sonstiges\M3C2\src\data/ahk\ahk_2020_uls.laz'
[2025-08-19 14:00:45][INFO] Reading point cloud from file 'C:\Users\siegl\OneDrive\09 Sonstiges\M3C2\src\data/ahk\ahk_2021_uls.laz'
[2025-08-19 14:02:13][INFO] Reading point cloud from file 'C:\Users\siegl\OneDrive\09 Sonstiges\M3C2\src\data\ahk\ahk_2020_uls.laz'
[2025-08-19 14:02:16][INFO] Reading point cloud from file 'C:\Users\siegl\OneDrive\09 Sonstiges\M3C2\src\data\ahk\ahk_2021_uls.laz'
[2025-08-19 14:03:44][INFO] Reading point cloud from file 'C:\Users\siegl\OneDrive\09 Sonstiges\M3C2\src\data\ahk\ahk_2020_uls.laz'
[2025-08-19 14:03:47][INFO] Reading point cloud from file 'C:\Users\siegl\OneDrive\09 Sonstiges\M3C2\src\data\ahk\ahk_2021_uls.laz'
[2025-08-19 14:04:32][INFO] Reading point cloud from file 'C:\Users\siegl\OneDrive\09 Sonstiges\M3C2\src\data\ahk\ahk_2020_uls.laz'
[2025-08-19 14:04:35][INFO] Reading point cloud from file 'C:\Users\siegl\OneDrive\09 Sonstiges\M3C2\src\data\ahk\ahk_2021_uls.laz'
[2025-08-19 14:04:41][WARNING] DEPRECATION: use cyl_radius instead of cyl_radii. In a future version, cyl_radii will be removed!
[2025-08-19 14:04:41][INFO] Building KDTree structure with leaf parameter 10
[2025-08-19 14:04:59][INFO] Building KDTree structure with leaf parameter 10
[2025-08-19 14:09:17][INFO] Reading point cloud from file 'C:\Users\siegl\OneDrive\09 Sonstiges\M3C2\src\data\ahk\ahk_2020_uls.laz'
[2025-08-19 14:09:20][INFO] Reading point cloud from file 'C:\Users\siegl\OneDrive\09 Sonstiges\M3C2\src\data\ahk\ahk_2021_uls.laz'
[2025-08-19 14:20:57][INFO] Reading point cloud from file 'C:\Users\siegl\OneDrive\09 Sonstiges\M3C2\src\data\ahk\ahk_2020_uls.laz'
[2025-08-19 14:21:00][INFO] Reading point cloud from file 'C:\Users\siegl\OneDrive\09 Sonstiges\M3C2\src\data\ahk\ahk_2021_uls.laz'
[2025-08-19 14:21:07][INFO] Building KDTree structure with leaf parameter 10
[2025-08-19 14:24:42][INFO] Reading point cloud from file 'C:\Users\siegl\OneDrive\09 Sonstiges\M3C2\src\data\ahk\ahk_2020_uls.laz'
[2025-08-19 14:24:45][INFO] Reading point cloud from file 'C:\Users\siegl\OneDrive\09 Sonstiges\M3C2\src\data\ahk\ahk_2021_uls.laz'
[2025-08-19 14:24:51][INFO] Building KDTree structure with leaf parameter 10
[2025-08-19 14:25:10][INFO] Building KDTree structure with leaf parameter 10
[2025-08-19 14:33:51][INFO] Reading point cloud from file 'C:\Users\siegl\OneDrive\09 Sonstiges\M3C2\src\data\ahk\ahk_2020_uls.laz'
[2025-08-19 14:33:54][INFO] Reading point cloud from file 'C:\Users\siegl\OneDrive\09 Sonstiges\M3C2\src\data\ahk\ahk_2021_uls.laz'
[2025-08-19 14:34:01][WARNING] DEPRECATION: use cyl_radius instead of cyl_radii. In a future version, cyl_radii will be removed!
[2025-08-19 14:34:01][INFO] Building KDTree structure with leaf parameter 10
[2025-08-19 14:34:20][INFO] Building KDTree structure with leaf parameter 10
[2025-08-19 14:35:33][INFO] Reading point cloud from file 'C:\Users\siegl\OneDrive\09 Sonstiges\M3C2\src\data\ahk\ahk_2020_uls.laz'
[2025-08-19 14:35:35][INFO] Reading point cloud from file 'C:\Users\siegl\OneDrive\09 Sonstiges\M3C2\src\data\ahk\ahk_2021_uls.laz'
[2025-08-19 14:35:42][WARNING] DEPRECATION: use cyl_radius instead of cyl_radii. In a future version, cyl_radii will be removed!
[2025-08-19 14:35:42][INFO] Building KDTree structure with leaf parameter 10
[2025-08-19 14:36:00][INFO] Building KDTree structure with leaf parameter 10
[2025-08-19 14:38:33][INFO] Reading point cloud from file 'C:\Users\siegl\OneDrive\09 Sonstiges\M3C2\src\data\ahk\ahk_2020_uls.laz'
[2025-08-19 14:38:36][INFO] Reading point cloud from file 'C:\Users\siegl\OneDrive\09 Sonstiges\M3C2\src\data\ahk\ahk_2021_uls.laz'
[2025-08-19 14:38:43][WARNING] DEPRECATION: use cyl_radius instead of cyl_radii. In a future version, cyl_radii will be removed!
[2025-08-19 14:38:43][INFO] Building KDTree structure with leaf parameter 10
[2025-08-19 14:39:02][INFO] Building KDTree structure with leaf parameter 10
[2025-08-19 14:42:01][INFO] Reading point cloud from file 'C:\Users\siegl\OneDrive\09 Sonstiges\M3C2\src\data\ahk\ahk_2020_uls.laz'
[2025-08-19 14:42:04][INFO] Reading point cloud from file 'C:\Users\siegl\OneDrive\09 Sonstiges\M3C2\src\data\ahk\ahk_2021_uls.laz'
[2025-08-19 14:42:11][WARNING] DEPRECATION: use cyl_radius instead of cyl_radii. In a future version, cyl_radii will be removed!
[2025-08-19 14:42:11][INFO] Building KDTree structure with leaf parameter 10
[2025-08-19 14:42:36][INFO] Building KDTree structure with leaf parameter 10
[2025-08-19 14:45:59][INFO] Reading point cloud from file 'C:\Users\siegl\OneDrive\09 Sonstiges\M3C2\src\data\ahk\ahk_2020_uls.laz'
[2025-08-19 14:46:02][INFO] Reading point cloud from file 'C:\Users\siegl\OneDrive\09 Sonstiges\M3C2\src\data\ahk\ahk_2021_uls.laz'
[2025-08-19 14:46:09][INFO] Building KDTree structure with leaf parameter 10
[2025-08-19 14:46:34][INFO] Building KDTree structure with leaf parameter 10
[2025-08-19 14:51:42][INFO] Reading point cloud from file 'C:\Users\siegl\OneDrive\09 Sonstiges\M3C2\src\data\ahk\ahk_2020_uls.laz'
[2025-08-19 14:51:45][INFO] Reading point cloud from file 'C:\Users\siegl\OneDrive\09 Sonstiges\M3C2\src\data\ahk\ahk_2021_uls.laz'
[2025-08-19 14:51:53][INFO] Building KDTree structure with leaf parameter 10
[2025-08-19 14:52:12][INFO] Building KDTree structure with leaf parameter 10
[2025-08-19 15:44:31][INFO] Reading point cloud from file 'C:\Users\siegl\OneDrive\09 Sonstiges\M3C2\src\data\rocks\points_100.laz'
[2025-08-19 15:44:31][INFO] Reading point cloud from file 'C:\Users\siegl\OneDrive\09 Sonstiges\M3C2\src\data\rocks\points_80.laz'
[2025-08-19 15:44:31][INFO] Building KDTree structure with leaf parameter 10
[2025-08-19 15:44:31][INFO] Building KDTree structure with leaf parameter 10
[2025-08-19 15:59:36][INFO] Reading point cloud from file 'C:\Users\siegl\OneDrive\09 Sonstiges\M3C2\src\data\rocks\points_100.laz'
[2025-08-19 15:59:36][INFO] Reading point cloud from file 'C:\Users\siegl\OneDrive\09 Sonstiges\M3C2\src\data\rocks\points_80.laz'
[2025-08-19 15:59:40][INFO] Building KDTree structure with leaf parameter 10
[2025-08-19 15:59:40][INFO] Building KDTree structure with leaf parameter 10
[2025-08-19 16:02:46][INFO] Reading point cloud from file 'C:\Users\siegl\OneDrive\09 Sonstiges\M3C2\src\data\rocks\points_100.laz'
[2025-08-19 16:02:46][INFO] Reading point cloud from file 'C:\Users\siegl\OneDrive\09 Sonstiges\M3C2\src\data\rocks\points_80.laz'
[2025-08-19 16:02:49][INFO] Building KDTree structure with leaf parameter 10
[2025-08-19 16:02:49][INFO] Building KDTree structure with leaf parameter 10
[2025-08-19 16:06:38][INFO] Reading point cloud from file 'C:\Users\siegl\OneDrive\09 Sonstiges\M3C2\src\data\rocks\points_100.laz'
[2025-08-19 16:06:39][INFO] Reading point cloud from file 'C:\Users\siegl\OneDrive\09 Sonstiges\M3C2\src\data\rocks\points_80.laz'
[2025-08-19 16:06:42][INFO] Building KDTree structure with leaf parameter 10
[2025-08-19 16:06:42][INFO] Building KDTree structure with leaf parameter 10
[2025-08-19 16:08:50][INFO] Reading point cloud from file 'C:\Users\siegl\OneDrive\09 Sonstiges\M3C2\src\data\rocks\points_100.laz'
[2025-08-19 16:08:50][INFO] Reading point cloud from file 'C:\Users\siegl\OneDrive\09 Sonstiges\M3C2\src\data\rocks\points_80.laz'
[2025-08-19 16:12:20][INFO] Reading point cloud from file 'C:\Users\siegl\OneDrive\09 Sonstiges\M3C2\src\data\rocks\points_100.laz'
[2025-08-19 16:12:20][INFO] Reading point cloud from file 'C:\Users\siegl\OneDrive\09 Sonstiges\M3C2\src\data\rocks\points_80.laz'
[2025-08-19 16:12:20][INFO] Building KDTree structure with leaf parameter 10
[2025-08-19 16:12:20][INFO] Building KDTree structure with leaf parameter 10
[2025-08-19 16:12:58][INFO] Reading point cloud from file 'C:\Users\siegl\OneDrive\09 Sonstiges\M3C2\src\data\rocks\points_100.laz'
[2025-08-19 16:12:58][INFO] Reading point cloud from file 'C:\Users\siegl\OneDrive\09 Sonstiges\M3C2\src\data\rocks\points_80.laz'
[2025-08-19 16:13:01][INFO] Building KDTree structure with leaf parameter 10
[2025-08-19 16:13:01][INFO] Building KDTree structure with leaf parameter 10
[2025-08-19 16:13:34][INFO] Reading point cloud from file 'C:\Users\siegl\OneDrive\09 Sonstiges\M3C2\src\data\rocks\points_100.laz'
[2025-08-19 16:13:34][INFO] Reading point cloud from file 'C:\Users\siegl\OneDrive\09 Sonstiges\M3C2\src\data\rocks\points_40.laz'
[2025-08-19 16:13:37][INFO] Building KDTree structure with leaf parameter 10
[2025-08-19 16:13:37][INFO] Building KDTree structure with leaf parameter 10
[2025-08-19 16:14:21][INFO] Reading point cloud from file 'C:\Users\siegl\OneDrive\09 Sonstiges\M3C2\src\data\rocks\points_100.laz'
[2025-08-19 16:14:21][INFO] Reading point cloud from file 'C:\Users\siegl\OneDrive\09 Sonstiges\M3C2\src\data\rocks\points_overlap2.laz'
[2025-08-19 16:14:24][INFO] Building KDTree structure with leaf parameter 10
[2025-08-19 16:14:24][INFO] Building KDTree structure with leaf parameter 10
[2025-08-19 16:14:51][INFO] Reading point cloud from file 'C:\Users\siegl\OneDrive\09 Sonstiges\M3C2\src\data\rocks\points_100.laz'
[2025-08-19 16:14:51][INFO] Reading point cloud from file 'C:\Users\siegl\OneDrive\09 Sonstiges\M3C2\src\data\rocks\points_zshift.laz'
[2025-08-19 16:14:56][INFO] Building KDTree structure with leaf parameter 10
[2025-08-19 16:14:56][INFO] Building KDTree structure with leaf parameter 10
[2025-08-20 09:38:13][INFO] Reading point cloud from file 'C:\Users\siegl\OneDrive\09 Sonstiges\M3C2_Project\src\data\rocks\points_100.laz'
[2025-08-20 09:38:13][INFO] Reading point cloud from file 'C:\Users\siegl\OneDrive\09 Sonstiges\M3C2_Project\src\data\rocks\points_zshift.laz'
[2025-08-20 09:38:16][INFO] Building KDTree structure with leaf parameter 10
[2025-08-20 09:38:16][INFO] Building KDTree structure with leaf parameter 10
